<?xml version="1.0" encoding="UTF-8"?>
<!-- Generated by org.testng.reporters.JUnitReportReporter -->
<testsuite hostname="DESKTOP-K5HF3LH" failures="0" tests="5" name="radar.Check" time="2.985" errors="0" timestamp="2023-04-27T15:34:06 IST" skipped="1">
  <testcase classname="radar.Check" name="get_req" time="2.760"/>
  <system-out/>
  <testcase classname="radar.Check" name="post_req" time="0.100"/>
  <system-out/>
  <testcase classname="radar.Check" name="put_req" time="0.060"/>
  <system-out/>
  <testcase classname="radar.Check" name="finalget_req" time="0.065"/>
  <system-out/>
  <testcase classname="radar.Check" name="del_req">
    <skipped/>
  </testcase> <!-- del_req -->
  <system-out/>
</testsuite> <!-- radar.Check -->
