<?xml version="1.0" encoding="UTF-8"?>
<!-- Generated by org.testng.reporters.JUnitReportReporter -->
<testsuite hostname="DESKTOP-K5HF3LH" failures="0" tests="30" name="radar.Trial_Check" time="15.615" errors="0" timestamp="2023-04-05T15:50:26 IST" skipped="0">
  <testcase classname="radar.Trial_Check" name="freddy" time="0.488"/>
  <system-out/>
  <testcase classname="radar.Trial_Check" name="freddy" time="0.455"/>
  <system-out/>
  <testcase classname="radar.Trial_Check" name="freddy" time="0.454"/>
  <system-out/>
  <testcase classname="radar.Trial_Check" name="freddy" time="0.422"/>
  <system-out/>
  <testcase classname="radar.Trial_Check" name="freddy" time="0.443"/>
  <system-out/>
  <testcase classname="radar.Trial_Check" name="freddy" time="0.399"/>
  <system-out/>
  <testcase classname="radar.Trial_Check" name="freddy" time="0.475"/>
  <system-out/>
  <testcase classname="radar.Trial_Check" name="freddy" time="0.465"/>
  <system-out/>
  <testcase classname="radar.Trial_Check" name="freddy" time="0.600"/>
  <system-out/>
  <testcase classname="radar.Trial_Check" name="freddy" time="0.418"/>
  <system-out/>
  <testcase classname="radar.Trial_Check" name="freddy" time="0.427"/>
  <system-out/>
  <testcase classname="radar.Trial_Check" name="freddy" time="0.472"/>
  <system-out/>
  <testcase classname="radar.Trial_Check" name="freddy" time="0.454"/>
  <system-out/>
  <testcase classname="radar.Trial_Check" name="freddy" time="0.437"/>
  <system-out/>
  <testcase classname="radar.Trial_Check" name="freddy" time="0.604"/>
  <system-out/>
  <testcase classname="radar.Trial_Check" name="freddy" time="0.456"/>
  <system-out/>
  <testcase classname="radar.Trial_Check" name="freddy" time="0.447"/>
  <system-out/>
  <testcase classname="radar.Trial_Check" name="freddy" time="0.493"/>
  <system-out/>
  <testcase classname="radar.Trial_Check" name="freddy" time="0.458"/>
  <system-out/>
  <testcase classname="radar.Trial_Check" name="freddy" time="0.497"/>
  <system-out/>
  <testcase classname="radar.Trial_Check" name="freddy" time="2.000"/>
  <system-out/>
  <testcase classname="radar.Trial_Check" name="freddy" time="0.431"/>
  <system-out/>
  <testcase classname="radar.Trial_Check" name="freddy" time="0.469"/>
  <system-out/>
  <testcase classname="radar.Trial_Check" name="freddy" time="0.575"/>
  <system-out/>
  <testcase classname="radar.Trial_Check" name="freddy" time="0.438"/>
  <system-out/>
  <testcase classname="radar.Trial_Check" name="freddy" time="0.507"/>
  <system-out/>
  <testcase classname="radar.Trial_Check" name="freddy" time="0.426"/>
  <system-out/>
  <testcase classname="radar.Trial_Check" name="freddy" time="0.425"/>
  <system-out/>
  <testcase classname="radar.Trial_Check" name="freddy" time="0.449"/>
  <system-out/>
  <testcase classname="radar.Trial_Check" name="freddy" time="0.531"/>
  <system-out/>
</testsuite> <!-- radar.Trial_Check -->
