<?xml version="1.0" encoding="UTF-8"?>
<!-- Generated by org.testng.reporters.JUnitReportReporter -->
<testsuite hostname="DESKTOP-K5HF3LH" failures="0" tests="1" name="radar.Maragatham" time="15.181" errors="0" timestamp="2023-05-17T09:59:16 IST" skipped="0">
  <testcase classname="radar.Maragatham" name="reddy" time="15.181"/>
  <system-out/>
</testsuite> <!-- radar.Maragatham -->
