<?xml version="1.0" encoding="UTF-8"?>
<!-- Generated by org.testng.reporters.JUnitReportReporter -->
<testsuite hostname="DESKTOP-K5HF3LH" failures="0" tests="1" name="radar.Fret" time="58.885" errors="0" timestamp="2023-05-09T14:20:52 IST" skipped="0">
  <testcase classname="radar.Fret" name="sectionCreate" time="58.885"/>
  <system-out/>
</testsuite> <!-- radar.Fret -->
